Calling target program-options parser
[11:32:40.040] [bmv2] [D] [thread 5774] Set default default entry for table 'MyIngress.arp_proxy_match': MyIngress.drop - 
[11:32:40.040] [bmv2] [D] [thread 5774] Set default default entry for table 'tbl_NoAction': NoAction - 
[11:32:40.040] [bmv2] [D] [thread 5774] Set default default entry for table 'MyIngress.arp_forward_match': MyIngress.drop - 
[11:32:40.040] [bmv2] [D] [thread 5774] Set default default entry for table 'MyIngress.ipv6_lpm': NoAction - 
[11:32:40.040] [bmv2] [D] [thread 5774] Set default default entry for table 'MyIngress.ndp_forward_match': MyIngress.drop - 
[11:32:40.040] [bmv2] [D] [thread 5774] Set default default entry for table 'MyIngress.ipv4_lpm': MyIngress.drop - 
Adding interface s1-eth1 as port 1
[11:32:40.042] [bmv2] [D] [thread 5774] Adding interface s1-eth1 as port 1
Adding interface s1-eth2 as port 2
[11:32:40.059] [bmv2] [D] [thread 5774] Adding interface s1-eth2 as port 2
Server listening on 0.0.0.0:50051
[11:32:40.088] [bmv2] [I] [thread 5774] Starting Thrift server on port 9090
[11:32:40.089] [bmv2] [I] [thread 5774] Thrift server was started
[11:32:40.089] [bmv2] [D] [thread 5784] [0.0] [cxt 0] Processing packet received on port 1
[11:32:40.089] [bmv2] [D] [thread 5784] [0.0] [cxt 0] Parser 'parser': start
[11:32:40.089] [bmv2] [D] [thread 5784] [0.0] [cxt 0] Parser 'parser' entering state 'start'
[11:32:40.089] [bmv2] [D] [thread 5784] [0.0] [cxt 0] Extracting header 'ethernet'
[11:32:40.089] [bmv2] [D] [thread 5784] [0.0] [cxt 0] Parser state 'start': key is 86dd
[11:32:40.089] [bmv2] [T] [thread 5784] [0.0] [cxt 0] Bytes parsed: 14
[11:32:40.089] [bmv2] [D] [thread 5784] [0.0] [cxt 0] Parser 'parser': end
[11:32:40.089] [bmv2] [D] [thread 5784] [0.0] [cxt 0] Pipeline 'ingress': start
[11:32:40.089] [bmv2] [T] [thread 5784] [0.0] [cxt 0] simple_switch.p4(244) Condition "hdr.arp.isValid()" (node_2) is false
[11:32:40.089] [bmv2] [T] [thread 5784] [0.0] [cxt 0] simple_switch.p4(251) Condition "hdr.ipv6.isValid()" (node_6) is false
[11:32:40.089] [bmv2] [T] [thread 5784] [0.0] [cxt 0] simple_switch.p4(254) Condition "hdr.icmpv6.isValid() && hdr.icmpv6.type==136" (node_8) is false
[11:32:40.089] [bmv2] [T] [thread 5784] [0.0] [cxt 0] simple_switch.p4(257) Condition "hdr.ipv4.isValid()" (node_10) is false
[11:32:40.089] [bmv2] [D] [thread 5784] [0.0] [cxt 0] Pipeline 'ingress': end
[11:32:40.089] [bmv2] [D] [thread 5784] [0.0] [cxt 0] Egress port is 0
[11:32:40.090] [bmv2] [D] [thread 5785] [0.0] [cxt 0] Pipeline 'egress': start
[11:32:40.090] [bmv2] [D] [thread 5785] [0.0] [cxt 0] Pipeline 'egress': end
[11:32:40.090] [bmv2] [D] [thread 5785] [0.0] [cxt 0] Deparser 'deparser': start
[11:32:40.090] [bmv2] [T] [thread 5785] [0.0] [cxt 0] Skipping checksum 'cksum' update because condition not met
[11:32:40.090] [bmv2] [D] [thread 5785] [0.0] [cxt 0] Deparsing header 'ethernet'
[11:32:40.090] [bmv2] [D] [thread 5785] [0.0] [cxt 0] Deparser 'deparser': end
[11:32:40.090] [bmv2] [D] [thread 5789] [0.0] [cxt 0] Transmitting packet of size 110 out of port 0
[11:32:40.267] [bmv2] [D] [thread 5784] [1.0] [cxt 0] Processing packet received on port 2
[11:32:40.267] [bmv2] [D] [thread 5784] [1.0] [cxt 0] Parser 'parser': start
[11:32:40.267] [bmv2] [D] [thread 5784] [1.0] [cxt 0] Parser 'parser' entering state 'start'
[11:32:40.267] [bmv2] [D] [thread 5784] [1.0] [cxt 0] Extracting header 'ethernet'
[11:32:40.267] [bmv2] [D] [thread 5784] [1.0] [cxt 0] Parser state 'start': key is 86dd
[11:32:40.267] [bmv2] [T] [thread 5784] [1.0] [cxt 0] Bytes parsed: 14
[11:32:40.267] [bmv2] [D] [thread 5784] [1.0] [cxt 0] Parser 'parser': end
[11:32:40.267] [bmv2] [D] [thread 5784] [1.0] [cxt 0] Pipeline 'ingress': start
[11:32:40.267] [bmv2] [T] [thread 5784] [1.0] [cxt 0] simple_switch.p4(244) Condition "hdr.arp.isValid()" (node_2) is false
[11:32:40.267] [bmv2] [T] [thread 5784] [1.0] [cxt 0] simple_switch.p4(251) Condition "hdr.ipv6.isValid()" (node_6) is false
[11:32:40.267] [bmv2] [T] [thread 5784] [1.0] [cxt 0] simple_switch.p4(254) Condition "hdr.icmpv6.isValid() && hdr.icmpv6.type==136" (node_8) is false
[11:32:40.267] [bmv2] [T] [thread 5784] [1.0] [cxt 0] simple_switch.p4(257) Condition "hdr.ipv4.isValid()" (node_10) is false
[11:32:40.267] [bmv2] [D] [thread 5784] [1.0] [cxt 0] Pipeline 'ingress': end
[11:32:40.267] [bmv2] [D] [thread 5784] [1.0] [cxt 0] Egress port is 0
[11:32:40.267] [bmv2] [D] [thread 5785] [1.0] [cxt 0] Pipeline 'egress': start
[11:32:40.267] [bmv2] [D] [thread 5785] [1.0] [cxt 0] Pipeline 'egress': end
[11:32:40.267] [bmv2] [D] [thread 5785] [1.0] [cxt 0] Deparser 'deparser': start
[11:32:40.267] [bmv2] [T] [thread 5785] [1.0] [cxt 0] Skipping checksum 'cksum' update because condition not met
[11:32:40.267] [bmv2] [D] [thread 5785] [1.0] [cxt 0] Deparsing header 'ethernet'
[11:32:40.267] [bmv2] [D] [thread 5785] [1.0] [cxt 0] Deparser 'deparser': end
[11:32:40.267] [bmv2] [D] [thread 5789] [1.0] [cxt 0] Transmitting packet of size 90 out of port 0
[11:32:40.772] [bmv2] [D] [thread 5784] [2.0] [cxt 0] Processing packet received on port 2
[11:32:40.772] [bmv2] [D] [thread 5784] [2.0] [cxt 0] Parser 'parser': start
[11:32:40.772] [bmv2] [D] [thread 5784] [2.0] [cxt 0] Parser 'parser' entering state 'start'
[11:32:40.772] [bmv2] [D] [thread 5784] [2.0] [cxt 0] Extracting header 'ethernet'
[11:32:40.773] [bmv2] [D] [thread 5784] [2.0] [cxt 0] Parser state 'start': key is 86dd
[11:32:40.773] [bmv2] [T] [thread 5784] [2.0] [cxt 0] Bytes parsed: 14
[11:32:40.773] [bmv2] [D] [thread 5784] [2.0] [cxt 0] Parser 'parser': end
[11:32:40.773] [bmv2] [D] [thread 5784] [2.0] [cxt 0] Pipeline 'ingress': start
[11:32:40.773] [bmv2] [T] [thread 5784] [2.0] [cxt 0] simple_switch.p4(244) Condition "hdr.arp.isValid()" (node_2) is false
[11:32:40.773] [bmv2] [T] [thread 5784] [2.0] [cxt 0] simple_switch.p4(251) Condition "hdr.ipv6.isValid()" (node_6) is false
[11:32:40.773] [bmv2] [T] [thread 5784] [2.0] [cxt 0] simple_switch.p4(254) Condition "hdr.icmpv6.isValid() && hdr.icmpv6.type==136" (node_8) is false
[11:32:40.773] [bmv2] [T] [thread 5784] [2.0] [cxt 0] simple_switch.p4(257) Condition "hdr.ipv4.isValid()" (node_10) is false
[11:32:40.773] [bmv2] [D] [thread 5784] [2.0] [cxt 0] Pipeline 'ingress': end
[11:32:40.773] [bmv2] [D] [thread 5784] [2.0] [cxt 0] Egress port is 0
[11:32:40.773] [bmv2] [D] [thread 5785] [2.0] [cxt 0] Pipeline 'egress': start
[11:32:40.773] [bmv2] [D] [thread 5785] [2.0] [cxt 0] Pipeline 'egress': end
[11:32:40.773] [bmv2] [D] [thread 5785] [2.0] [cxt 0] Deparser 'deparser': start
[11:32:40.773] [bmv2] [T] [thread 5785] [2.0] [cxt 0] Skipping checksum 'cksum' update because condition not met
[11:32:40.773] [bmv2] [D] [thread 5785] [2.0] [cxt 0] Deparsing header 'ethernet'
[11:32:40.773] [bmv2] [D] [thread 5785] [2.0] [cxt 0] Deparser 'deparser': end
[11:32:40.773] [bmv2] [D] [thread 5789] [2.0] [cxt 0] Transmitting packet of size 86 out of port 0
[11:32:40.803] [bmv2] [D] [thread 5784] [3.0] [cxt 0] Processing packet received on port 2
[11:32:40.803] [bmv2] [D] [thread 5784] [3.0] [cxt 0] Parser 'parser': start
[11:32:40.803] [bmv2] [D] [thread 5784] [3.0] [cxt 0] Parser 'parser' entering state 'start'
[11:32:40.803] [bmv2] [D] [thread 5784] [3.0] [cxt 0] Extracting header 'ethernet'
[11:32:40.803] [bmv2] [D] [thread 5784] [3.0] [cxt 0] Parser state 'start': key is 86dd
[11:32:40.803] [bmv2] [T] [thread 5784] [3.0] [cxt 0] Bytes parsed: 14
[11:32:40.803] [bmv2] [D] [thread 5784] [3.0] [cxt 0] Parser 'parser': end
[11:32:40.803] [bmv2] [D] [thread 5784] [3.0] [cxt 0] Pipeline 'ingress': start
[11:32:40.803] [bmv2] [T] [thread 5784] [3.0] [cxt 0] simple_switch.p4(244) Condition "hdr.arp.isValid()" (node_2) is false
[11:32:40.803] [bmv2] [T] [thread 5784] [3.0] [cxt 0] simple_switch.p4(251) Condition "hdr.ipv6.isValid()" (node_6) is false
[11:32:40.804] [bmv2] [T] [thread 5784] [3.0] [cxt 0] simple_switch.p4(254) Condition "hdr.icmpv6.isValid() && hdr.icmpv6.type==136" (node_8) is false
[11:32:40.804] [bmv2] [T] [thread 5784] [3.0] [cxt 0] simple_switch.p4(257) Condition "hdr.ipv4.isValid()" (node_10) is false
[11:32:40.804] [bmv2] [D] [thread 5784] [3.0] [cxt 0] Pipeline 'ingress': end
[11:32:40.804] [bmv2] [D] [thread 5784] [3.0] [cxt 0] Egress port is 0
[11:32:40.804] [bmv2] [D] [thread 5785] [3.0] [cxt 0] Pipeline 'egress': start
[11:32:40.804] [bmv2] [D] [thread 5785] [3.0] [cxt 0] Pipeline 'egress': end
[11:32:40.804] [bmv2] [D] [thread 5785] [3.0] [cxt 0] Deparser 'deparser': start
[11:32:40.804] [bmv2] [T] [thread 5785] [3.0] [cxt 0] Skipping checksum 'cksum' update because condition not met
[11:32:40.804] [bmv2] [D] [thread 5785] [3.0] [cxt 0] Deparsing header 'ethernet'
[11:32:40.804] [bmv2] [D] [thread 5785] [3.0] [cxt 0] Deparser 'deparser': end
[11:32:40.804] [bmv2] [D] [thread 5789] [3.0] [cxt 0] Transmitting packet of size 86 out of port 0
[11:32:40.835] [bmv2] [D] [thread 5784] [4.0] [cxt 0] Processing packet received on port 2
[11:32:40.835] [bmv2] [D] [thread 5784] [4.0] [cxt 0] Parser 'parser': start
[11:32:40.835] [bmv2] [D] [thread 5784] [4.0] [cxt 0] Parser 'parser' entering state 'start'
[11:32:40.835] [bmv2] [D] [thread 5784] [4.0] [cxt 0] Extracting header 'ethernet'
[11:32:40.835] [bmv2] [D] [thread 5784] [4.0] [cxt 0] Parser state 'start': key is 86dd
[11:32:40.835] [bmv2] [T] [thread 5784] [4.0] [cxt 0] Bytes parsed: 14
[11:32:40.835] [bmv2] [D] [thread 5784] [4.0] [cxt 0] Parser 'parser': end
[11:32:40.835] [bmv2] [D] [thread 5784] [4.0] [cxt 0] Pipeline 'ingress': start
[11:32:40.835] [bmv2] [T] [thread 5784] [4.0] [cxt 0] simple_switch.p4(244) Condition "hdr.arp.isValid()" (node_2) is false
[11:32:40.835] [bmv2] [T] [thread 5784] [4.0] [cxt 0] simple_switch.p4(251) Condition "hdr.ipv6.isValid()" (node_6) is false
[11:32:40.835] [bmv2] [T] [thread 5784] [4.0] [cxt 0] simple_switch.p4(254) Condition "hdr.icmpv6.isValid() && hdr.icmpv6.type==136" (node_8) is false
[11:32:40.835] [bmv2] [T] [thread 5784] [4.0] [cxt 0] simple_switch.p4(257) Condition "hdr.ipv4.isValid()" (node_10) is false
[11:32:40.835] [bmv2] [D] [thread 5784] [4.0] [cxt 0] Pipeline 'ingress': end
[11:32:40.835] [bmv2] [D] [thread 5784] [4.0] [cxt 0] Egress port is 0
[11:32:40.835] [bmv2] [D] [thread 5785] [4.0] [cxt 0] Pipeline 'egress': start
[11:32:40.835] [bmv2] [D] [thread 5785] [4.0] [cxt 0] Pipeline 'egress': end
[11:32:40.835] [bmv2] [D] [thread 5785] [4.0] [cxt 0] Deparser 'deparser': start
[11:32:40.835] [bmv2] [T] [thread 5785] [4.0] [cxt 0] Skipping checksum 'cksum' update because condition not met
[11:32:40.835] [bmv2] [D] [thread 5785] [4.0] [cxt 0] Deparsing header 'ethernet'
[11:32:40.835] [bmv2] [D] [thread 5785] [4.0] [cxt 0] Deparser 'deparser': end
[11:32:40.835] [bmv2] [D] [thread 5789] [4.0] [cxt 0] Transmitting packet of size 110 out of port 0
[11:32:40.930] [bmv2] [D] [thread 5784] [5.0] [cxt 0] Processing packet received on port 1
[11:32:40.930] [bmv2] [D] [thread 5784] [5.0] [cxt 0] Parser 'parser': start
[11:32:40.930] [bmv2] [D] [thread 5784] [5.0] [cxt 0] Parser 'parser' entering state 'start'
[11:32:40.930] [bmv2] [D] [thread 5784] [5.0] [cxt 0] Extracting header 'ethernet'
[11:32:40.931] [bmv2] [D] [thread 5784] [5.0] [cxt 0] Parser state 'start': key is 86dd
[11:32:40.931] [bmv2] [T] [thread 5784] [5.0] [cxt 0] Bytes parsed: 14
[11:32:40.931] [bmv2] [D] [thread 5784] [5.0] [cxt 0] Parser 'parser': end
[11:32:40.931] [bmv2] [D] [thread 5784] [5.0] [cxt 0] Pipeline 'ingress': start
[11:32:40.931] [bmv2] [T] [thread 5784] [5.0] [cxt 0] simple_switch.p4(244) Condition "hdr.arp.isValid()" (node_2) is false
[11:32:40.931] [bmv2] [T] [thread 5784] [5.0] [cxt 0] simple_switch.p4(251) Condition "hdr.ipv6.isValid()" (node_6) is false
[11:32:40.931] [bmv2] [T] [thread 5784] [5.0] [cxt 0] simple_switch.p4(254) Condition "hdr.icmpv6.isValid() && hdr.icmpv6.type==136" (node_8) is false
[11:32:40.931] [bmv2] [T] [thread 5784] [5.0] [cxt 0] simple_switch.p4(257) Condition "hdr.ipv4.isValid()" (node_10) is false
[11:32:40.931] [bmv2] [D] [thread 5784] [5.0] [cxt 0] Pipeline 'ingress': end
[11:32:40.931] [bmv2] [D] [thread 5784] [5.0] [cxt 0] Egress port is 0
[11:32:40.931] [bmv2] [D] [thread 5785] [5.0] [cxt 0] Pipeline 'egress': start
[11:32:40.931] [bmv2] [D] [thread 5785] [5.0] [cxt 0] Pipeline 'egress': end
[11:32:40.931] [bmv2] [D] [thread 5785] [5.0] [cxt 0] Deparser 'deparser': start
[11:32:40.931] [bmv2] [T] [thread 5785] [5.0] [cxt 0] Skipping checksum 'cksum' update because condition not met
[11:32:40.931] [bmv2] [D] [thread 5785] [5.0] [cxt 0] Deparsing header 'ethernet'
[11:32:40.931] [bmv2] [D] [thread 5785] [5.0] [cxt 0] Deparser 'deparser': end
[11:32:40.931] [bmv2] [D] [thread 5789] [5.0] [cxt 0] Transmitting packet of size 86 out of port 0
[11:32:41.027] [bmv2] [D] [thread 5784] [6.0] [cxt 0] Processing packet received on port 1
[11:32:41.027] [bmv2] [D] [thread 5784] [6.0] [cxt 0] Parser 'parser': start
[11:32:41.027] [bmv2] [D] [thread 5784] [6.0] [cxt 0] Parser 'parser' entering state 'start'
[11:32:41.027] [bmv2] [D] [thread 5784] [6.0] [cxt 0] Extracting header 'ethernet'
[11:32:41.027] [bmv2] [D] [thread 5784] [6.0] [cxt 0] Parser state 'start': key is 86dd
[11:32:41.027] [bmv2] [T] [thread 5784] [6.0] [cxt 0] Bytes parsed: 14
[11:32:41.027] [bmv2] [D] [thread 5784] [6.0] [cxt 0] Parser 'parser': end
[11:32:41.027] [bmv2] [D] [thread 5784] [6.0] [cxt 0] Pipeline 'ingress': start
[11:32:41.027] [bmv2] [T] [thread 5784] [6.0] [cxt 0] simple_switch.p4(244) Condition "hdr.arp.isValid()" (node_2) is false
[11:32:41.027] [bmv2] [T] [thread 5784] [6.0] [cxt 0] simple_switch.p4(251) Condition "hdr.ipv6.isValid()" (node_6) is false
[11:32:41.027] [bmv2] [T] [thread 5784] [6.0] [cxt 0] simple_switch.p4(254) Condition "hdr.icmpv6.isValid() && hdr.icmpv6.type==136" (node_8) is false
[11:32:41.027] [bmv2] [T] [thread 5784] [6.0] [cxt 0] simple_switch.p4(257) Condition "hdr.ipv4.isValid()" (node_10) is false
[11:32:41.027] [bmv2] [D] [thread 5784] [6.0] [cxt 0] Pipeline 'ingress': end
[11:32:41.027] [bmv2] [D] [thread 5784] [6.0] [cxt 0] Egress port is 0
[11:32:41.027] [bmv2] [D] [thread 5785] [6.0] [cxt 0] Pipeline 'egress': start
[11:32:41.027] [bmv2] [D] [thread 5785] [6.0] [cxt 0] Pipeline 'egress': end
[11:32:41.027] [bmv2] [D] [thread 5785] [6.0] [cxt 0] Deparser 'deparser': start
[11:32:41.027] [bmv2] [T] [thread 5785] [6.0] [cxt 0] Skipping checksum 'cksum' update because condition not met
[11:32:41.027] [bmv2] [D] [thread 5785] [6.0] [cxt 0] Deparsing header 'ethernet'
[11:32:41.027] [bmv2] [D] [thread 5785] [6.0] [cxt 0] Deparser 'deparser': end
[11:32:41.027] [bmv2] [D] [thread 5789] [6.0] [cxt 0] Transmitting packet of size 90 out of port 0
[11:32:41.059] [bmv2] [D] [thread 5784] [7.0] [cxt 0] Processing packet received on port 1
[11:32:41.059] [bmv2] [D] [thread 5784] [7.0] [cxt 0] Parser 'parser': start
[11:32:41.059] [bmv2] [D] [thread 5784] [7.0] [cxt 0] Parser 'parser' entering state 'start'
[11:32:41.059] [bmv2] [D] [thread 5784] [7.0] [cxt 0] Extracting header 'ethernet'
[11:32:41.059] [bmv2] [D] [thread 5784] [7.0] [cxt 0] Parser state 'start': key is 86dd
[11:32:41.059] [bmv2] [T] [thread 5784] [7.0] [cxt 0] Bytes parsed: 14
[11:32:41.059] [bmv2] [D] [thread 5784] [7.0] [cxt 0] Parser 'parser': end
[11:32:41.059] [bmv2] [D] [thread 5784] [7.0] [cxt 0] Pipeline 'ingress': start
[11:32:41.059] [bmv2] [T] [thread 5784] [7.0] [cxt 0] simple_switch.p4(244) Condition "hdr.arp.isValid()" (node_2) is false
[11:32:41.059] [bmv2] [T] [thread 5784] [7.0] [cxt 0] simple_switch.p4(251) Condition "hdr.ipv6.isValid()" (node_6) is false
[11:32:41.059] [bmv2] [T] [thread 5784] [7.0] [cxt 0] simple_switch.p4(254) Condition "hdr.icmpv6.isValid() && hdr.icmpv6.type==136" (node_8) is false
[11:32:41.059] [bmv2] [T] [thread 5784] [7.0] [cxt 0] simple_switch.p4(257) Condition "hdr.ipv4.isValid()" (node_10) is false
[11:32:41.059] [bmv2] [D] [thread 5784] [7.0] [cxt 0] Pipeline 'ingress': end
[11:32:41.059] [bmv2] [D] [thread 5784] [7.0] [cxt 0] Egress port is 0
[11:32:41.059] [bmv2] [D] [thread 5784] [8.0] [cxt 0] Processing packet received on port 1
[11:32:41.059] [bmv2] [D] [thread 5784] [8.0] [cxt 0] Parser 'parser': start
[11:32:41.059] [bmv2] [D] [thread 5784] [8.0] [cxt 0] Parser 'parser' entering state 'start'
[11:32:41.059] [bmv2] [D] [thread 5784] [8.0] [cxt 0] Extracting header 'ethernet'
[11:32:41.059] [bmv2] [D] [thread 5784] [8.0] [cxt 0] Parser state 'start': key is 86dd
[11:32:41.059] [bmv2] [T] [thread 5784] [8.0] [cxt 0] Bytes parsed: 14
[11:32:41.059] [bmv2] [D] [thread 5784] [8.0] [cxt 0] Parser 'parser': end
[11:32:41.059] [bmv2] [D] [thread 5784] [8.0] [cxt 0] Pipeline 'ingress': start
[11:32:41.059] [bmv2] [T] [thread 5784] [8.0] [cxt 0] simple_switch.p4(244) Condition "hdr.arp.isValid()" (node_2) is false
[11:32:41.059] [bmv2] [T] [thread 5784] [8.0] [cxt 0] simple_switch.p4(251) Condition "hdr.ipv6.isValid()" (node_6) is false
[11:32:41.059] [bmv2] [T] [thread 5784] [8.0] [cxt 0] simple_switch.p4(254) Condition "hdr.icmpv6.isValid() && hdr.icmpv6.type==136" (node_8) is false
[11:32:41.059] [bmv2] [T] [thread 5784] [8.0] [cxt 0] simple_switch.p4(257) Condition "hdr.ipv4.isValid()" (node_10) is false
[11:32:41.059] [bmv2] [D] [thread 5784] [8.0] [cxt 0] Pipeline 'ingress': end
[11:32:41.059] [bmv2] [D] [thread 5784] [8.0] [cxt 0] Egress port is 0
[11:32:41.059] [bmv2] [D] [thread 5785] [7.0] [cxt 0] Pipeline 'egress': start
[11:32:41.059] [bmv2] [D] [thread 5785] [7.0] [cxt 0] Pipeline 'egress': end
[11:32:41.059] [bmv2] [D] [thread 5785] [7.0] [cxt 0] Deparser 'deparser': start
[11:32:41.059] [bmv2] [T] [thread 5785] [7.0] [cxt 0] Skipping checksum 'cksum' update because condition not met
[11:32:41.059] [bmv2] [D] [thread 5785] [7.0] [cxt 0] Deparsing header 'ethernet'
[11:32:41.059] [bmv2] [D] [thread 5785] [7.0] [cxt 0] Deparser 'deparser': end
[11:32:41.059] [bmv2] [D] [thread 5785] [8.0] [cxt 0] Pipeline 'egress': start
[11:32:41.059] [bmv2] [D] [thread 5785] [8.0] [cxt 0] Pipeline 'egress': end
[11:32:41.059] [bmv2] [D] [thread 5785] [8.0] [cxt 0] Deparser 'deparser': start
[11:32:41.059] [bmv2] [T] [thread 5785] [8.0] [cxt 0] Skipping checksum 'cksum' update because condition not met
[11:32:41.059] [bmv2] [D] [thread 5785] [8.0] [cxt 0] Deparsing header 'ethernet'
[11:32:41.059] [bmv2] [D] [thread 5785] [8.0] [cxt 0] Deparser 'deparser': end
[11:32:41.059] [bmv2] [D] [thread 5789] [7.0] [cxt 0] Transmitting packet of size 90 out of port 0
[11:32:41.059] [bmv2] [D] [thread 5789] [8.0] [cxt 0] Transmitting packet of size 70 out of port 0
[11:32:41.563] [bmv2] [D] [thread 5784] [9.0] [cxt 0] Processing packet received on port 1
[11:32:41.563] [bmv2] [D] [thread 5784] [9.0] [cxt 0] Parser 'parser': start
[11:32:41.563] [bmv2] [D] [thread 5784] [9.0] [cxt 0] Parser 'parser' entering state 'start'
[11:32:41.563] [bmv2] [D] [thread 5784] [9.0] [cxt 0] Extracting header 'ethernet'
[11:32:41.563] [bmv2] [D] [thread 5784] [9.0] [cxt 0] Parser state 'start': key is 86dd
[11:32:41.563] [bmv2] [T] [thread 5784] [9.0] [cxt 0] Bytes parsed: 14
[11:32:41.563] [bmv2] [D] [thread 5784] [9.0] [cxt 0] Parser 'parser': end
[11:32:41.563] [bmv2] [D] [thread 5784] [9.0] [cxt 0] Pipeline 'ingress': start
[11:32:41.563] [bmv2] [T] [thread 5784] [9.0] [cxt 0] simple_switch.p4(244) Condition "hdr.arp.isValid()" (node_2) is false
[11:32:41.563] [bmv2] [T] [thread 5784] [9.0] [cxt 0] simple_switch.p4(251) Condition "hdr.ipv6.isValid()" (node_6) is false
[11:32:41.563] [bmv2] [T] [thread 5784] [9.0] [cxt 0] simple_switch.p4(254) Condition "hdr.icmpv6.isValid() && hdr.icmpv6.type==136" (node_8) is false
[11:32:41.563] [bmv2] [T] [thread 5784] [9.0] [cxt 0] simple_switch.p4(257) Condition "hdr.ipv4.isValid()" (node_10) is false
[11:32:41.563] [bmv2] [D] [thread 5784] [9.0] [cxt 0] Pipeline 'ingress': end
[11:32:41.563] [bmv2] [D] [thread 5784] [9.0] [cxt 0] Egress port is 0
[11:32:41.563] [bmv2] [D] [thread 5784] [10.0] [cxt 0] Processing packet received on port 2
[11:32:41.563] [bmv2] [D] [thread 5784] [10.0] [cxt 0] Parser 'parser': start
[11:32:41.563] [bmv2] [D] [thread 5784] [10.0] [cxt 0] Parser 'parser' entering state 'start'
[11:32:41.563] [bmv2] [D] [thread 5784] [10.0] [cxt 0] Extracting header 'ethernet'
[11:32:41.563] [bmv2] [D] [thread 5784] [10.0] [cxt 0] Parser state 'start': key is 86dd
[11:32:41.563] [bmv2] [T] [thread 5784] [10.0] [cxt 0] Bytes parsed: 14
[11:32:41.563] [bmv2] [D] [thread 5784] [10.0] [cxt 0] Parser 'parser': end
[11:32:41.563] [bmv2] [D] [thread 5784] [10.0] [cxt 0] Pipeline 'ingress': start
[11:32:41.563] [bmv2] [T] [thread 5784] [10.0] [cxt 0] simple_switch.p4(244) Condition "hdr.arp.isValid()" (node_2) is false
[11:32:41.564] [bmv2] [T] [thread 5784] [10.0] [cxt 0] simple_switch.p4(251) Condition "hdr.ipv6.isValid()" (node_6) is false
[11:32:41.564] [bmv2] [T] [thread 5784] [10.0] [cxt 0] simple_switch.p4(254) Condition "hdr.icmpv6.isValid() && hdr.icmpv6.type==136" (node_8) is false
[11:32:41.564] [bmv2] [T] [thread 5784] [10.0] [cxt 0] simple_switch.p4(257) Condition "hdr.ipv4.isValid()" (node_10) is false
[11:32:41.564] [bmv2] [D] [thread 5784] [10.0] [cxt 0] Pipeline 'ingress': end
[11:32:41.564] [bmv2] [W] [thread 5798] [P4Runtime] p4::tmp::P4DeviceConfig is deprecated
[11:32:41.563] [bmv2] [D] [thread 5785] [9.0] [cxt 0] Pipeline 'egress': start
[11:32:41.564] [bmv2] [D] [thread 5785] [9.0] [cxt 0] Pipeline 'egress': end
[11:32:41.564] [bmv2] [D] [thread 5785] [9.0] [cxt 0] Deparser 'deparser': start
[11:32:41.564] [bmv2] [T] [thread 5785] [9.0] [cxt 0] Skipping checksum 'cksum' update because condition not met
[11:32:41.564] [bmv2] [D] [thread 5785] [9.0] [cxt 0] Deparsing header 'ethernet'
[11:32:41.564] [bmv2] [D] [thread 5785] [9.0] [cxt 0] Deparser 'deparser': end
[11:32:41.564] [bmv2] [D] [thread 5789] [9.0] [cxt 0] Transmitting packet of size 110 out of port 0
[11:32:41.564] [bmv2] [D] [thread 5784] [10.0] [cxt 0] Egress port is 0
[11:32:41.564] [bmv2] [D] [thread 5785] [10.0] [cxt 0] Pipeline 'egress': start
[11:32:41.564] [bmv2] [D] [thread 5785] [10.0] [cxt 0] Pipeline 'egress': end
[11:32:41.564] [bmv2] [D] [thread 5785] [10.0] [cxt 0] Deparser 'deparser': start
[11:32:41.564] [bmv2] [T] [thread 5785] [10.0] [cxt 0] Skipping checksum 'cksum' update because condition not met
[11:32:41.564] [bmv2] [D] [thread 5785] [10.0] [cxt 0] Deparsing header 'ethernet'
[11:32:41.564] [bmv2] [D] [thread 5785] [10.0] [cxt 0] Deparser 'deparser': end
[11:32:41.564] [bmv2] [D] [thread 5789] [10.0] [cxt 0] Transmitting packet of size 110 out of port 0
[11:32:41.568] [bmv2] [D] [thread 5798] Set default default entry for table 'MyIngress.arp_proxy_match': MyIngress.drop - 
[11:32:41.568] [bmv2] [D] [thread 5798] Set default default entry for table 'tbl_NoAction': NoAction - 
[11:32:41.568] [bmv2] [D] [thread 5798] Set default default entry for table 'MyIngress.arp_forward_match': MyIngress.drop - 
[11:32:41.568] [bmv2] [D] [thread 5798] Set default default entry for table 'MyIngress.ipv6_lpm': NoAction - 
[11:32:41.568] [bmv2] [D] [thread 5798] Set default default entry for table 'MyIngress.ndp_forward_match': MyIngress.drop - 
[11:32:41.568] [bmv2] [D] [thread 5798] Set default default entry for table 'MyIngress.ipv4_lpm': MyIngress.drop - 
[11:32:41.570] [bmv2] [D] [thread 5798] simple_switch target has been notified of a config swap
[11:32:41.572] [bmv2] [D] [thread 5800] Set default entry for table 'MyIngress.ipv4_lpm': MyIngress.drop - 
[11:32:41.573] [bmv2] [D] [thread 5798] Entry 0 added to table 'MyIngress.ipv4_lpm'
[11:32:41.573] [bmv2] [D] [thread 5798] Dumping entry 0
Match key:
* hdr.ipv4.dstAddr    : LPM       0a000101/32
Action entry: MyIngress.ipv4_forward - 80000000101,1,

[11:32:41.574] [bmv2] [D] [thread 5805] Entry 1 added to table 'MyIngress.ipv4_lpm'
[11:32:41.574] [bmv2] [D] [thread 5805] Dumping entry 1
Match key:
* hdr.ipv4.dstAddr    : LPM       0a000102/32
Action entry: MyIngress.ipv4_forward - 80000000102,2,

